** ERROR ** eam ** inference_fuse(
@prefix log: <http://www.w3.org/2000/10/swap/log#>.
@prefix : <urn:example:>.
@prefix r: <http://www.w3.org/2000/10/swap/reason#>.
@prefix var: <http://www.w3.org/2000/10/swap/var#>.
@prefix skolem: <https://eyereasoner.github.io/.well-known/genid/8b98b360-9a70-4845-b52c-c675af60ad01#>.
@prefix n3: <http://www.w3.org/2004/06/rei#>.

{
    _:e_X_1 :is :drinking.
} log:isPermittedIn :normativeWorld1.
{
    () log:onNegativeSurface {
        _:e_X_1 :is :drinking.
        _:e_X_1 :is :driving.
    }.
} log:isPermittedIn :normativeWorld1.
{
    _:e_X_1 :is :driving.
} log:isPermittedIn :normativeWorld1.
{
    _:e_X_1 :is :driving.
} log:isPermittedIn :normativeWorld2.
{
    () log:onNegativeSurface {
        _:e_X_1 :is :drinking.
        _:e_X_1 :is :driving.
    }.
} log:isPermittedIn :normativeWorld2.
{
    _:e_X_1 :is :drinking.
} log:isPermittedIn :normativeWorld2.
{
    () log:onNegativeSurface {
        _:e_X_1 :is :drinking.
        _:e_X_1 :is :driving.
    }.
} log:isObligatoryIn :normativeWorld1.
{
    () log:onNegativeSurface {
        _:e_X_1 :is :drinking.
        _:e_X_1 :is :driving.
    }.
} log:isObligatoryIn :normativeWorld2.
{
    _:e_X_1 :is :drinking.
    _:e_X_1 :is :driving.
} log:isForbiddenIn :normativeWorld1.
{
    _:e_X_1 :is :drinking.
    _:e_X_1 :is :driving.
} log:isForbiddenIn :normativeWorld2.
# inference fuse
{
    {
        _:e_X_1 :is :drinking.
        _:e_X_1 :is :driving.
    } log:call true.
    () log:onNegativeSurface {
        {
            _:e_X_1 :is :drinking.
            _:e_X_1 :is :driving.
        } log:call true.
    }.
} => false.
)
