@prefix : <http://example.org/ns#>.

{
    :Pat :chooses :E.
} :perModel ({
    :Pat :chooses :A.
} {
    :Pat :chooses :B.
} {
    :Pat :chooses :C.
} {
    :Pat :chooses :D.
} {
    :Pat :chooses :E.
}).
{
    :Pat :chooses :E.
} :perModel ({
    :Pat :chooses :A.
} {
    :Pat :chooses :B.
} {
    :Pat :chooses :C.
} {
    :Pat :chooses :D.
} {
    :Pat :chooses :E.
} {
    :Pat :chooses :F.
}).
{
    :Pat :chooses :E.
} :perModel ({
    :Pat :chooses :A.
} {
    :Pat :chooses :B.
} {
    :Pat :chooses :D.
} {
    :Pat :chooses :E.
}).
{
    :Pat :chooses :E.
} :perModel ({
    :Pat :chooses :A.
} {
    :Pat :chooses :B.
} {
    :Pat :chooses :D.
} {
    :Pat :chooses :E.
} {
    :Pat :chooses :F.
}).
{
    :Pat :chooses :E.
} :perModel ({
    :Pat :chooses :A.
} {
    :Pat :chooses :C.
} {
    :Pat :chooses :D.
} {
    :Pat :chooses :E.
}).
{
    :Pat :chooses :E.
} :perModel ({
    :Pat :chooses :A.
} {
    :Pat :chooses :C.
} {
    :Pat :chooses :D.
} {
    :Pat :chooses :E.
} {
    :Pat :chooses :F.
}).
{
    :Pat :chooses :E.
} :perModel ({
    :Pat :chooses :A.
} {
    :Pat :chooses :D.
} {
    :Pat :chooses :E.
}).
{
    :Pat :chooses :E.
} :perModel ({
    :Pat :chooses :A.
} {
    :Pat :chooses :D.
} {
    :Pat :chooses :E.
} {
    :Pat :chooses :F.
}).
