@prefix : <http://example.org/ns#>.
@prefix rule: <http://eyereasoner.github.io/rule#>.

:angers :path :nantes.
:lemans :path :nantes.
:oneway_subproperty_of_path rule:binding (:paris :orleans).
:oneway_subproperty_of_path rule:binding (:paris :chartres).
:oneway_subproperty_of_path rule:binding (:paris :amiens).
:oneway_subproperty_of_path rule:binding (:orleans :blois).
:oneway_subproperty_of_path rule:binding (:orleans :bourges).
:oneway_subproperty_of_path rule:binding (:blois :tours).
:oneway_subproperty_of_path rule:binding (:chartres :lemans).
:oneway_subproperty_of_path rule:binding (:lemans :angers).
:oneway_subproperty_of_path rule:binding (:lemans :tours).
:oneway_subproperty_of_path rule:binding (:angers :nantes).
:path_transitive_property rule:binding (:paris :orleans :blois).
:path_transitive_property rule:binding (:paris :orleans :bourges).
:path_transitive_property rule:binding (:paris :chartres :lemans).
:path_transitive_property rule:binding (:orleans :blois :tours).
:path_transitive_property rule:binding (:chartres :lemans :angers).
:path_transitive_property rule:binding (:chartres :lemans :tours).
:path_transitive_property rule:binding (:lemans :angers :nantes).
:query_path_to_nantes rule:binding (:angers).
:query_path_to_nantes rule:binding (:lemans).
:chartres :path :nantes.
:paris :path :nantes.
:path_transitive_property rule:binding (:paris :orleans :tours).
:path_transitive_property rule:binding (:paris :chartres :angers).
:path_transitive_property rule:binding (:paris :chartres :tours).
:path_transitive_property rule:binding (:chartres :lemans :nantes).
:path_transitive_property rule:binding (:paris :blois :tours).
:path_transitive_property rule:binding (:paris :lemans :angers).
:path_transitive_property rule:binding (:paris :lemans :tours).
:path_transitive_property rule:binding (:paris :lemans :nantes).
:path_transitive_property rule:binding (:chartres :angers :nantes).
:query_path_to_nantes rule:binding (:chartres).
:query_path_to_nantes rule:binding (:paris).
:path_transitive_property rule:binding (:paris :chartres :nantes).
:path_transitive_property rule:binding (:paris :angers :nantes).
