@prefix log: <http://www.w3.org/2000/10/swap/log#>.
@prefix foaf: <http://xmlns.com/foaf/0.1/>.
@prefix rdfs: <http://www.w3.org/2000/01/rdf-schema#>.
@prefix schema: <http://schema.org/>.

(_:sk_19 _:sk_20) log:onNegativeSurface {
    _:sk_20 foaf:yahooChatID _:sk_19.
    () log:onNegativeSurface {
        _:sk_20 foaf:nick _:sk_19.
    }.
}.
(_:sk_23) log:onNegativeSurface {
    rdfs:subClassOf rdfs:subPropertyOf _:sk_23.
    () log:onNegativeSurface {
        schema:LifestyleModification _:sk_23 schema:MedicalTherapy.
    }.
}.
(_:sk_26) log:onNegativeSurface {
    _:sk_26 a schema:LifestyleModification.
    () log:onNegativeSurface {
        _:sk_26 a schema:MedicalTherapy.
    }.
}.
