@prefix log: <http://www.w3.org/2000/10/swap/log#>.

() log:onNeutralSurface {
    _:E_1 a <urn:example:C>.
}.
(_:E_1) log:onNegativeSurface {
    _:E_1 a <urn:example:C>.
}.
(_:S1_1 _:a_1) log:onNegativeSurface {
    _:a_1 log:onNegativeSurface _:S1_1.
    () log:onNegativeSurface {
        () log:onNeutralSurface _:S1_1.
    }.
}.
() log:onNegativeSurface {
    _:sk_24 a <urn:example:C>.
}.
(_:S1_2 _:x_1_0 _:y_1) log:onNegativeSurface {
    () log:onNeutralSurface _:S1_2.
    _:x_1_0 log:onNegativeSurface _:y_1.
    () log:onAnswerSurface {
        () log:onNeutralSurface _:S1_2.
        _:x_1_0 log:onNegativeSurface _:y_1.
    }.
}.
() log:onNeutralSurface {
    _:a_1 log:onNegativeSurface _:S1_1.
    () log:onNegativeSurface {
        () log:onNeutralSurface _:S1_1.
    }.
}.
() log:onNeutralSurface {
    () log:onNeutralSurface _:S1_2.
    _:x_1_0 log:onNegativeSurface _:y_1.
    () log:onAnswerSurface {
        () log:onNeutralSurface _:S1_2.
        _:x_1_0 log:onNegativeSurface _:y_1.
    }.
}.
