@prefix log: <http://www.w3.org/2000/10/swap/log#>.
@prefix foaf: <http://xmlns.com/foaf/0.1/>.
@prefix rdfs: <http://www.w3.org/2000/01/rdf-schema#>.
@prefix schema: <http://schema.org/>.

(_sk_19 _sk_20) log:onNegativeSurface {
    _sk_20 foaf:yahooChatID _sk_19.
    () log:onNegativeSurface {
        _sk_20 foaf:nick _sk_19.
    }.
}.
(_sk_23) log:onNegativeSurface {
    rdfs:subClassOf rdfs:subPropertyOf _sk_23.
    () log:onNegativeSurface {
        schema:LifestyleModification _sk_23 schema:MedicalTherapy.
    }.
}.
(_sk_26) log:onNegativeSurface {
    _sk_26 a schema:LifestyleModification.
    () log:onNegativeSurface {
        _sk_26 a schema:MedicalTherapy.
    }.
}.
